<?xml version="1.0" encoding="UTF-8"?>
<!-- Generated by org.testng.reporters.JUnitXMLReporter -->
<testsuite hostname="pcch-divyag" ignored="0" name="Nopackage" tests="7" failures="4" timestamp="22 Feb 2019 11:44:56 GMT" time="93.026" errors="0">
  <testcase name="testCaseChromeFailure" time="19.143" classname="org.zf.web.Zf_UIDemo">
    <failure type="java.lang.AssertionError" message="Expected value is : Homepage ZF Friedrichshafen AG      Actual value is : Homepage ZF Friedrichshafen AG - ZF Friedrichshafen AG">
      <![CDATA[java.lang.AssertionError: Expected value is : Homepage ZF Friedrichshafen AG      Actual value is : Homepage ZF Friedrichshafen AG - ZF Friedrichshafen AG
at framework.ExtentReport.compareText(ExtentReport.java:141)
at org.zf.web.Zf_UIDemo.testCaseChromeFailure(Zf_UIDemo.java:41)
... Removed 26 stack frames]]>
    </failure>
  </testcase> <!-- testCaseChromeFailure -->
  <testcase name="testCaseChromeSucess" time="19.228" classname="org.zf.web.Zf_UIDemo"/>
  <testcase name="testCaseFireFoxFailure" time="1.151" classname="org.zf.web.Zf_UIDemo">
    <failure type="org.openqa.selenium.SessionNotCreatedException" message="Unable to find a matching set of capabilities
Build info: version: &amp;apos;3.141.59&amp;apos;, revision: &amp;apos;e82be7d358&amp;apos;, time: &amp;apos;2018-11-14T08:17:03&amp;apos;
System info: host: &amp;apos;PCCH-DIVYAG&amp;apos;, ip: &amp;apos;10.51.1.32&amp;apos;, os.name: &amp;apos;Windows 7&amp;apos;, os.arch: &amp;apos;amd64&amp;apos;, os.version: &amp;apos;6.1&amp;apos;, java.version: &amp;apos;1.8.0_131&amp;apos;
Driver info: driver.version: FirefoxDriver
remote stacktrace: ">
      <![CDATA[org.openqa.selenium.SessionNotCreatedException: Unable to find a matching set of capabilities
Build info: version: '3.141.59', revision: 'e82be7d358', time: '2018-11-14T08:17:03'
System info: host: 'PCCH-DIVYAG', ip: '10.51.1.32', os.name: 'Windows 7', os.arch: 'amd64', os.version: '6.1', java.version: '1.8.0_131'
Driver info: driver.version: FirefoxDriver
remote stacktrace: 
at org.openqa.selenium.remote.W3CHandshakeResponse.lambda$errorHandler$0(W3CHandshakeResponse.java:62)
at org.openqa.selenium.remote.HandshakeResponse.lambda$getResponseFunction$0(HandshakeResponse.java:30)
at org.openqa.selenium.remote.ProtocolHandshake.lambda$createSession$0(ProtocolHandshake.java:126)
at java.util.stream.ReferencePipeline$3$1.accept(Unknown Source)
at java.util.Spliterators$ArraySpliterator.tryAdvance(Unknown Source)
at java.util.stream.ReferencePipeline.forEachWithCancel(Unknown Source)
at java.util.stream.AbstractPipeline.copyIntoWithCancel(Unknown Source)
at java.util.stream.AbstractPipeline.copyInto(Unknown Source)
at java.util.stream.AbstractPipeline.wrapAndCopyInto(Unknown Source)
at java.util.stream.FindOps$FindOp.evaluateSequential(Unknown Source)
at java.util.stream.AbstractPipeline.evaluate(Unknown Source)
at java.util.stream.ReferencePipeline.findFirst(Unknown Source)
at org.openqa.selenium.remote.ProtocolHandshake.createSession(ProtocolHandshake.java:128)
at org.openqa.selenium.remote.ProtocolHandshake.createSession(ProtocolHandshake.java:74)
at org.openqa.selenium.remote.HttpCommandExecutor.execute(HttpCommandExecutor.java:136)
at org.openqa.selenium.remote.service.DriverCommandExecutor.execute(DriverCommandExecutor.java:83)
at org.openqa.selenium.remote.RemoteWebDriver.execute(RemoteWebDriver.java:552)
at org.openqa.selenium.remote.RemoteWebDriver.startSession(RemoteWebDriver.java:213)
at org.openqa.selenium.remote.RemoteWebDriver.<init>(RemoteWebDriver.java:131)
at org.openqa.selenium.firefox.FirefoxDriver.<init>(FirefoxDriver.java:147)
at framework.DriverManager.getDriver(DriverManager.java:46)
at org.zf.web.Zf_UIDemo.testCaseFireFoxFailure(Zf_UIDemo.java:55)
... Removed 29 stack frames]]>
    </failure>
  </testcase> <!-- testCaseFireFoxFailure -->
  <testcase name="testCaseFireFoxPass" time="0.572" classname="org.zf.web.Zf_UIDemo">
    <failure type="org.openqa.selenium.SessionNotCreatedException" message="Unable to find a matching set of capabilities
Build info: version: &amp;apos;3.141.59&amp;apos;, revision: &amp;apos;e82be7d358&amp;apos;, time: &amp;apos;2018-11-14T08:17:03&amp;apos;
System info: host: &amp;apos;PCCH-DIVYAG&amp;apos;, ip: &amp;apos;10.51.1.32&amp;apos;, os.name: &amp;apos;Windows 7&amp;apos;, os.arch: &amp;apos;amd64&amp;apos;, os.version: &amp;apos;6.1&amp;apos;, java.version: &amp;apos;1.8.0_131&amp;apos;
Driver info: driver.version: FirefoxDriver
remote stacktrace: ">
      <![CDATA[org.openqa.selenium.SessionNotCreatedException: Unable to find a matching set of capabilities
Build info: version: '3.141.59', revision: 'e82be7d358', time: '2018-11-14T08:17:03'
System info: host: 'PCCH-DIVYAG', ip: '10.51.1.32', os.name: 'Windows 7', os.arch: 'amd64', os.version: '6.1', java.version: '1.8.0_131'
Driver info: driver.version: FirefoxDriver
remote stacktrace: 
at org.openqa.selenium.remote.W3CHandshakeResponse.lambda$errorHandler$0(W3CHandshakeResponse.java:62)
at org.openqa.selenium.remote.HandshakeResponse.lambda$getResponseFunction$0(HandshakeResponse.java:30)
at org.openqa.selenium.remote.ProtocolHandshake.lambda$createSession$0(ProtocolHandshake.java:126)
at java.util.stream.ReferencePipeline$3$1.accept(Unknown Source)
at java.util.Spliterators$ArraySpliterator.tryAdvance(Unknown Source)
at java.util.stream.ReferencePipeline.forEachWithCancel(Unknown Source)
at java.util.stream.AbstractPipeline.copyIntoWithCancel(Unknown Source)
at java.util.stream.AbstractPipeline.copyInto(Unknown Source)
at java.util.stream.AbstractPipeline.wrapAndCopyInto(Unknown Source)
at java.util.stream.FindOps$FindOp.evaluateSequential(Unknown Source)
at java.util.stream.AbstractPipeline.evaluate(Unknown Source)
at java.util.stream.ReferencePipeline.findFirst(Unknown Source)
at org.openqa.selenium.remote.ProtocolHandshake.createSession(ProtocolHandshake.java:128)
at org.openqa.selenium.remote.ProtocolHandshake.createSession(ProtocolHandshake.java:74)
at org.openqa.selenium.remote.HttpCommandExecutor.execute(HttpCommandExecutor.java:136)
at org.openqa.selenium.remote.service.DriverCommandExecutor.execute(DriverCommandExecutor.java:83)
at org.openqa.selenium.remote.RemoteWebDriver.execute(RemoteWebDriver.java:552)
at org.openqa.selenium.remote.RemoteWebDriver.startSession(RemoteWebDriver.java:213)
at org.openqa.selenium.remote.RemoteWebDriver.<init>(RemoteWebDriver.java:131)
at org.openqa.selenium.firefox.FirefoxDriver.<init>(FirefoxDriver.java:147)
at framework.DriverManager.getDriver(DriverManager.java:46)
at org.zf.web.Zf_UIDemo.testCaseFireFoxPass(Zf_UIDemo.java:48)
... Removed 29 stack frames]]>
    </failure>
  </testcase> <!-- testCaseFireFoxPass -->
  <testcase name="testCaseIEFailure" time="4.213" classname="org.zf.web.Zf_UIDemo">
    <failure type="java.lang.AssertionError" message="Expected value is : Search - ZF Friedrichshafen AG      Actual value is : WebDriver">
      <![CDATA[java.lang.AssertionError: Expected value is : Search - ZF Friedrichshafen AG      Actual value is : WebDriver
at framework.ExtentReport.compareText(ExtentReport.java:141)
at org.zf.web.Zf_UIDemo.testCaseIEFailure(Zf_UIDemo.java:64)
... Removed 26 stack frames]]>
    </failure>
  </testcase> <!-- testCaseIEFailure -->
  <testcase name="testCaseReadingExcel" time="22.355" classname="org.zf.web.Zf_UIDemo"/>
  <testcase name="testCaseReadingJson" time="21.106" classname="org.zf.web.Zf_UIDemo"/>
</testsuite> <!-- Nopackage -->
