<?xml version="1.0" encoding="UTF-8"?>
<!-- Generated by org.testng.reporters.JUnitXMLReporter -->
<testsuite hostname="pcch-divyag" ignored="0" name="Single Gateway" tests="73" failures="13" timestamp="29 Mar 2019 15:36:01 GMT" time="9610.103" errors="0">
  <testcase name="Tc01Login" time="28.498" classname="zf.test.MicrosoftLoginTest"/>
  <testcase name="Tc01AddSingleGatewayWithAllValidInputs" time="132.374" classname="zf.test.ZFAddSingleGatewayTest">
    <failure type="java.lang.AssertionError" message="Expected value is : SUCCESS      Actual value is : Failed">
      <![CDATA[java.lang.AssertionError: Expected value is : SUCCESS      Actual value is : Failed
at framework.ExtentReport.compareText(ExtentReport.java:156)
at zf.pages.ZFAddSingleGatewayPage.verifyToastermessage(ZFAddSingleGatewayPage.java:247)
at zf.pages.ZFAddSingleGatewayPage.addSingleGatewayWithAllValidInputs(ZFAddSingleGatewayPage.java:76)
at zf.test.ZFAddSingleGatewayTest.Tc01AddSingleGatewayWithAllValidInputs(ZFAddSingleGatewayTest.java:28)
... Removed 26 stack frames]]>
    </failure>
  </testcase> <!-- Tc01AddSingleGatewayWithAllValidInputs -->
  <testcase name="Tc02AddSingleGatewayWithMacIDAlreadyExists" time="131.843" classname="zf.test.ZFAddSingleGatewayTest"/>
  <testcase name="Tc03AddSingleGatewayWithCertificateAlreadyExists" time="130.554" classname="zf.test.ZFAddSingleGatewayTest">
    <failure type="java.lang.AssertionError" message="Expected value is : Failed      Actual value is : SUCCESS">
      <![CDATA[java.lang.AssertionError: Expected value is : Failed      Actual value is : SUCCESS
at framework.ExtentReport.compareText(ExtentReport.java:156)
at zf.pages.ZFAddSingleGatewayPage.verifyToastermessage(ZFAddSingleGatewayPage.java:247)
at zf.pages.ZFAddSingleGatewayPage.addSingleGatewayWithCertificateAlreadyExists(ZFAddSingleGatewayPage.java:164)
at zf.test.ZFAddSingleGatewayTest.Tc03AddSingleGatewayWithCertificateAlreadyExists(ZFAddSingleGatewayTest.java:42)
... Removed 26 stack frames]]>
    </failure>
  </testcase> <!-- Tc03AddSingleGatewayWithCertificateAlreadyExists -->
  <testcase name="Tc04AddSingleGatewayWithMandatoryFields" time="107.92" classname="zf.test.ZFAddSingleGatewayTest">
    <failure type="java.lang.AssertionError" message="Expected value is : SUCCESS      Actual value is : Failed">
      <![CDATA[java.lang.AssertionError: Expected value is : SUCCESS      Actual value is : Failed
at framework.ExtentReport.compareText(ExtentReport.java:156)
at zf.pages.ZFAddSingleGatewayPage.verifyToastermessage(ZFAddSingleGatewayPage.java:247)
at zf.pages.ZFAddSingleGatewayPage.addSingleGatewayWithMandatoryFields(ZFAddSingleGatewayPage.java:199)
at zf.test.ZFAddSingleGatewayTest.Tc04AddSingleGatewayWithMandatoryFields(ZFAddSingleGatewayTest.java:49)
... Removed 26 stack frames]]>
    </failure>
  </testcase> <!-- Tc04AddSingleGatewayWithMandatoryFields -->
  <testcase name="Tc05AddSingleGatewayWithoutMandatoryInputs" time="65.169" classname="zf.test.ZFAddSingleGatewayTest"/>
  <testcase name="Tc01AddMultipleGatewayWithNewEnrollmentGroupWithRootUploadCertificate" time="91.819" classname="zf.test.ZFAddMultipleGatewayTest">
    <failure type="java.lang.AssertionError" message="Expected value is : SUCCESS      Actual value is : Failed">
      <![CDATA[java.lang.AssertionError: Expected value is : SUCCESS      Actual value is : Failed
at framework.ExtentReport.compareText(ExtentReport.java:156)
at zf.pages.ZFAddMultipleGatewayPage.verifyToastermessage(ZFAddMultipleGatewayPage.java:265)
at zf.pages.ZFAddMultipleGatewayPage.addMultipleGatewayNewRoot(ZFAddMultipleGatewayPage.java:96)
at zf.test.ZFAddMultipleGatewayTest.Tc01AddMultipleGatewayWithNewEnrollmentGroupWithRootUploadCertificate(ZFAddMultipleGatewayTest.java:25)
... Removed 26 stack frames]]>
    </failure>
  </testcase> <!-- Tc01AddMultipleGatewayWithNewEnrollmentGroupWithRootUploadCertificate -->
  <testcase name="Tc02AddMultipleGatewayWithExistingEnrollmentGroup" time="62.72" classname="zf.test.ZFAddMultipleGatewayTest"/>
  <testcase name="Tc03AddMultipleGatewayWithNewEnrollmentGroupWithIntermediateUploadCertificate" time="65.431" classname="zf.test.ZFAddMultipleGatewayTest">
    <failure type="java.lang.AssertionError" message="Expected value is : SUCCESS      Actual value is : Failed">
      <![CDATA[java.lang.AssertionError: Expected value is : SUCCESS      Actual value is : Failed
at framework.ExtentReport.compareText(ExtentReport.java:156)
at zf.pages.ZFAddMultipleGatewayPage.verifyToastermessage(ZFAddMultipleGatewayPage.java:265)
at zf.pages.ZFAddMultipleGatewayPage.addMultipleGatewayNewIntermediate(ZFAddMultipleGatewayPage.java:139)
at zf.test.ZFAddMultipleGatewayTest.Tc03AddMultipleGatewayWithNewEnrollmentGroupWithIntermediateUploadCertificate(ZFAddMultipleGatewayTest.java:34)
... Removed 26 stack frames]]>
    </failure>
  </testcase> <!-- Tc03AddMultipleGatewayWithNewEnrollmentGroupWithIntermediateUploadCertificate -->
  <testcase name="Tc04AddMultipleGatewayWithNewEnrollmentGroupWithoutMandatoryFields" time="96.893" classname="zf.test.ZFAddMultipleGatewayTest"/>
  <testcase name="Tc05AddMultipleGatewayWithInvalidDetails" time="164.142" classname="zf.test.ZFAddMultipleGatewayTest"/>
  <testcase name="Tc06AddMultipleGatewayWithLookAndFeelValidation" time="308.992" classname="zf.test.ZFAddMultipleGatewayTest"/>
  <testcase name="Tc06AddMultipleGatewayWithUserInterfaceValidation" time="56.256" classname="zf.test.ZFAddMultipleGatewayTest"/>
  <testcase name="TC01OperatorHasNoAccessToEditAssetDetails" time="87.553" classname="zf.test.ZFAssetDetailsTest"/>
  <testcase name="TC02OperatorHasNoAccessToCreateChildAssets" time="81.741" classname="zf.test.ZFAssetDetailsTest">
    <failure type="java.lang.AssertionError" message="TIMEOUT EXCEPTION element does not exist after waiting 90 seconds - Element not found">
      <![CDATA[java.lang.AssertionError: TIMEOUT EXCEPTION element does not exist after waiting 90 seconds - Element not found
at framework.ExtentReport.elementCatch(ExtentReport.java:254)
at framework.ElementManager.elementClick(ElementManager.java:63)
at zf.pages.ZFAssetDetailsPage.OperatorHasNoAccessToCreateChildAssets(ZFAssetDetailsPage.java:78)
at zf.test.ZFAssetDetailsTest.TC02OperatorHasNoAccessToCreateChildAssets(ZFAssetDetailsTest.java:35)
... Removed 26 stack frames]]>
    </failure>
  </testcase> <!-- TC02OperatorHasNoAccessToCreateChildAssets -->
  <testcase name="TC03OperatorHasNoAccessToCreateChildAssets" time="69.004" classname="zf.test.ZFAssetDetailsTest"/>
  <testcase name="TC04operatorAccessToViewAssetDetails" time="49.759" classname="zf.test.ZFAssetDetailsTest">
    <failure type="java.lang.AssertionError" message="TIMEOUT EXCEPTION element does not exist after waiting 90 seconds - Element not found">
      <![CDATA[java.lang.AssertionError: TIMEOUT EXCEPTION element does not exist after waiting 90 seconds - Element not found
at framework.ExtentReport.elementCatch(ExtentReport.java:254)
at framework.ElementManager.elementClick(ElementManager.java:63)
at framework.ElementManager.waitElementVisibleClick(ElementManager.java:703)
at zf.pages.ZFAssetPage.selectAssetDetails(ZFAssetPage.java:792)
at zf.pages.ZFAssetDetailsPage.operatorAccessToViewAssetDetails(ZFAssetDetailsPage.java:106)
at zf.test.ZFAssetDetailsTest.TC04operatorAccessToViewAssetDetails(ZFAssetDetailsTest.java:48)
... Removed 26 stack frames]]>
    </failure>
  </testcase> <!-- TC04operatorAccessToViewAssetDetails -->
  <testcase name="TC05ViewExistingAssetDetails" time="257.854" classname="zf.test.ZFAssetDetailsTest"/>
  <testcase name="TC01assetPageValidation" time="60.52" classname="zf.test.ZFAssetTest"/>
  <testcase name="TC02assetSearch" time="120.886" classname="zf.test.ZFAssetTest"/>
  <testcase name="TC03assetAdvancedSearch" time="142.398" classname="zf.test.ZFAssetTest"/>
  <testcase name="TC04clearAllFilter" time="234.662" classname="zf.test.ZFAssetTest"/>
  <testcase name="TC05clearAllFilter" time="111.843" classname="zf.test.ZFAssetTest"/>
  <testcase name="TC06CreateAssetstWithAllFeilds" time="238.085" classname="zf.test.ZFAssetTest">
    <failure type="java.lang.AssertionError" message="Expected value is : SUCCESS      Actual value is : Failed">
      <![CDATA[java.lang.AssertionError: Expected value is : SUCCESS      Actual value is : Failed
at framework.ExtentReport.compareText(ExtentReport.java:156)
at zf.pages.ZFAssetPage.verifyToastermessage(ZFAssetPage.java:774)
at zf.pages.ZFAssetPage.createAssetstWithAllFeilds(ZFAssetPage.java:328)
at zf.test.ZFAssetTest.TC06CreateAssetstWithAllFeilds(ZFAssetTest.java:50)
... Removed 26 stack frames]]>
    </failure>
  </testcase> <!-- TC06CreateAssetstWithAllFeilds -->
  <testcase name="TC07CreateAssetstWithActions" time="245.34" classname="zf.test.ZFAssetTest"/>
  <testcase name="TC08editExistAssetDetails" time="80.234" classname="zf.test.ZFAssetTest">
    <failure type="java.lang.AssertionError" message="TIMEOUT EXCEPTION element does not exist after waiting 90 seconds - Element not found">
      <![CDATA[java.lang.AssertionError: TIMEOUT EXCEPTION element does not exist after waiting 90 seconds - Element not found
at framework.ExtentReport.elementCatch(ExtentReport.java:254)
at framework.ElementManager.elementClick(ElementManager.java:63)
at framework.ElementManager.waitElementVisibleClick(ElementManager.java:703)
at zf.pages.ZFAssetPage.editExistAssetDetails(ZFAssetPage.java:682)
at zf.test.ZFAssetTest.TC08editExistAssetDetails(ZFAssetTest.java:62)
... Removed 26 stack frames]]>
    </failure>
  </testcase> <!-- TC08editExistAssetDetails -->
  <testcase name="TC09CreateChildAssettWithAllFeilds" time="385.802" classname="zf.test.ZFAssetTest"/>
  <testcase name="TC10CreateAssetstWithAllAutopopulatedMetadataKeys" time="227.785" classname="zf.test.ZFAssetTest"/>
  <testcase name="TC11CreateAssetstWithMandatoryAutopopulatedMetadataKeys" time="211.641" classname="zf.test.ZFAssetTest"/>
  <testcase name="TC12FieldValidationsMandatoryFieldVin" time="244.591" classname="zf.test.ZFAssetTest"/>
  <testcase name="TC13VerifyVehicleAssetstWithMandatoryAutopopulatedMetadataKeys" time="131.494" classname="zf.test.ZFAssetTest"/>
  <testcase name="TC14CreateAssetWithoutMandatoryInput" time="114.198" classname="zf.test.ZFAssetTest"/>
  <testcase name="TC15ExecuteActionWithoutParamater" time="281.733" classname="zf.test.ZFAssetTest"/>
  <testcase name="TC16ExecuteActionWithParamater" time="285.993" classname="zf.test.ZFAssetTest"/>
  <testcase name="TC17EditAssetstActions" time="244.567" classname="zf.test.ZFAssetTest"/>
  <testcase name="TC18VerifyAssetActionsUI" time="75.699" classname="zf.test.ZFAssetTest"/>
  <testcase name="TC19OperatorHasNoAccessToCreateAsset" time="52.202" classname="zf.test.ZFAssetTest"/>
  <testcase name="TC20UserWithNoPrivilegeCannotAccessAssetsPage" time="28.146" classname="zf.test.ZFAssetTest"/>
  <testcase name="TC21SortAssetsInAssetsHomepage" time="47.612" classname="zf.test.ZFAssetTest">
    <failure type="java.lang.AssertionError" message="TIMEOUT EXCEPTION element does not exist after waiting 90 seconds - Area">
      <![CDATA[java.lang.AssertionError: TIMEOUT EXCEPTION element does not exist after waiting 90 seconds - Area
at framework.ExtentReport.elementCatch(ExtentReport.java:258)
at framework.ElementManager.elementClick(ElementManager.java:63)
at zf.pages.ZFAssetPage.assetSortingDropDownNavigation(ZFAssetPage.java:868)
at zf.pages.ZFAssetPage.SortAssetsInAssetsHomepage(ZFAssetPage.java:855)
at zf.test.ZFAssetTest.TC21SortAssetsInAssetsHomepage(ZFAssetTest.java:139)
... Removed 26 stack frames]]>
    </failure>
  </testcase> <!-- TC21SortAssetsInAssetsHomepage -->
  <testcase name="TC01UserInterfaceOfMangeClientPage" time="17.413" classname="zf.test.ZFClientHomeTest"/>
  <testcase name="TC02UserInterfaceOfMoreDetails" time="42.478" classname="zf.test.ZFClientHomeTest"/>
  <testcase name="TC03VerifyAdminUserAbleToViewClientManagementPage" time="15.627" classname="zf.test.ZFClientHomeTest"/>
  <testcase name="TC04verifyUserInterfaceOfClientDetailsInManageClientpage" time="26.476" classname="zf.test.ZFClientHomeTest"/>
  <testcase name="Tc01AddSubClientWithAllFeilds" time="83.487" classname="zf.test.ZFAddClientTest"/>
  <testcase name="Tc02AddSubClientWithMandatoryDetails" time="52.505" classname="zf.test.ZFAddClientTest"/>
  <testcase name="Tc03CreateNewSubClientValidation" time="44.299" classname="zf.test.ZFAddClientTest"/>
  <testcase name="Tc04CreateNewSubClientEamilValidation" time="305.901" classname="zf.test.ZFAddClientTest">
    <failure type="org.openqa.selenium.NoSuchSessionException" message="Session ID is null. Using WebDriver after calling quit()?
Build info: version: &amp;apos;3.141.59&amp;apos;, revision: &amp;apos;e82be7d358&amp;apos;, time: &amp;apos;2018-11-14T08:17:03&amp;apos;
System info: host: &amp;apos;PCCH-DIVYAG&amp;apos;, ip: &amp;apos;10.51.10.13&amp;apos;, os.name: &amp;apos;Windows 7&amp;apos;, os.arch: &amp;apos;amd64&amp;apos;, os.version: &amp;apos;6.1&amp;apos;, java.version: &amp;apos;1.8.0_131&amp;apos;
Driver info: driver.version: RemoteWebDriver">
      <![CDATA[org.openqa.selenium.NoSuchSessionException: Session ID is null. Using WebDriver after calling quit()?
Build info: version: '3.141.59', revision: 'e82be7d358', time: '2018-11-14T08:17:03'
System info: host: 'PCCH-DIVYAG', ip: '10.51.10.13', os.name: 'Windows 7', os.arch: 'amd64', os.version: '6.1', java.version: '1.8.0_131'
Driver info: driver.version: RemoteWebDriver
at org.openqa.selenium.remote.HttpCommandExecutor.execute(HttpCommandExecutor.java:125)
at org.openqa.selenium.remote.service.DriverCommandExecutor.execute(DriverCommandExecutor.java:83)
at org.openqa.selenium.remote.RemoteWebDriver.execute(RemoteWebDriver.java:552)
at org.openqa.selenium.remote.RemoteWebElement.execute(RemoteWebElement.java:285)
at org.openqa.selenium.remote.RemoteWebElement.getText(RemoteWebElement.java:166)
at org.openqa.selenium.support.events.EventFiringWebDriver$EventFiringWebElement.lambda$new$0(EventFiringWebDriver.java:404)
at com.sun.proxy.$Proxy10.getText(Unknown Source)
at org.openqa.selenium.support.events.EventFiringWebDriver$EventFiringWebElement.getText(EventFiringWebDriver.java:463)
at framework.ExtentReport.elementCatch(ExtentReport.java:252)
at framework.ElementManager.elementClick(ElementManager.java:63)
at framework.ElementManager.waitElementVisibleClick(ElementManager.java:703)
at zf.pages.ZFClientHomePage.navigateToClientPage(ZFClientHomePage.java:172)
at zf.pages.ZFClientHomePage.verifyCreateNewSubClientEmailValidation(ZFClientHomePage.java:160)
at zf.test.ZFAddClientTest.Tc04CreateNewSubClientEamilValidation(ZFAddClientTest.java:44)
... Removed 28 stack frames]]>
    </failure>
  </testcase> <!-- Tc04CreateNewSubClientEamilValidation -->
  <testcase name="Tc05CreateNewSubClientWithWrongTelephoneFormat" time="41.812" classname="zf.test.ZFAddClientTest"/>
  <testcase name="TC01OperatorHasNoAccessToAddGateway" time="60.277" classname="zf.test.ZFGatewayHomeTest"/>
  <testcase name="TC02OperatorNoAccessToEdit" time="53.482" classname="zf.test.ZFGatewayHomeTest"/>
  <testcase name="TC03OperatorNoAccessToDisable" time="52.554" classname="zf.test.ZFGatewayHomeTest"/>
  <testcase name="TC04OperatorNoAccessToDecommission" time="75.833" classname="zf.test.ZFGatewayHomeTest"/>
  <testcase name="TC05ManageSoftwareInterface" time="81.008" classname="zf.test.ZFGatewayHomeTest"/>
  <testcase name="TC06DisableAndEnableGateway" time="50.391" classname="zf.test.ZFGatewayHomeTest">
    <failure type="java.lang.AssertionError" message="TIMEOUT EXCEPTION element does not exist after waiting 90 seconds - Element is not displayed">
      <![CDATA[java.lang.AssertionError: TIMEOUT EXCEPTION element does not exist after waiting 90 seconds - Element is not displayed
at framework.ExtentReport.elementCatch(ExtentReport.java:254)
at framework.ElementManager.elementAvailability(ElementManager.java:490)
at zf.pages.ZFGatewayHomePage.disableAndEnableGateway(ZFGatewayHomePage.java:282)
at zf.test.ZFGatewayHomeTest.TC06DisableAndEnableGateway(ZFGatewayHomeTest.java:55)
... Removed 26 stack frames]]>
    </failure>
  </testcase> <!-- TC06DisableAndEnableGateway -->
  <testcase name="TC07OperatorHasAccessToViewGateway" time="64.174" classname="zf.test.ZFGatewayHomeTest"/>
  <testcase name="TC08UserInterfaceOfAddSoftware" time="86.888" classname="zf.test.ZFGatewayHomeTest"/>
  <testcase name="TC09UserWithNoPrivilegeCannotAccessGatewayPage" time="28.438" classname="zf.test.ZFGatewayHomeTest"/>
  <testcase name="TC10ManageSoftwareUploadAndInstallInvalidSoftwareName" time="106.463" classname="zf.test.ZFGatewayHomeTest"/>
  <testcase name="TC11ManageSoftwareUploadAndInstallInvalidSoftwarePackage" time="101.938" classname="zf.test.ZFGatewayHomeTest"/>
  <testcase name="TC12ManageSoftwareAddSoftwareUploadInstallValidUserInputs" time="69.074" classname="zf.test.ZFGatewayHomeTest"/>
  <testcase name="TC13ValidateCommissionedGatewayStatus" time="93.943" classname="zf.test.ZFGatewayHomeTest"/>
  <testcase name="TC14ValidateDecommissionedGatewayStatus" time="77.164" classname="zf.test.ZFGatewayHomeTest"/>
  <testcase name="TC15ValidatePrecommissionedGatewayStatus" time="91.559" classname="zf.test.ZFGatewayHomeTest"/>
  <testcase name="TC16verifyDefaultGatewayStatus" time="40.303" classname="zf.test.ZFGatewayHomeTest"/>
  <testcase name="TC17VerifyClearSelectedOptionsInGatewayStatusSearchDropdown" time="61.464" classname="zf.test.ZFGatewayHomeTest"/>
  <testcase name="TC18VerifySelectAllOptionInGatewayStatusSearchDropdown" time="84.219" classname="zf.test.ZFGatewayHomeTest"/>
  <testcase name="TC19VerifyClearDatesFromDatePicker" time="66.154" classname="zf.test.ZFGatewayHomeTest"/>
  <testcase name="TC20VerifySearchOptionsSearchDropdown" time="60.402" classname="zf.test.ZFGatewayHomeTest"/>
  <testcase name="TC21verifySearchGatewayDateRange" time="159.236" classname="zf.test.ZFGatewayHomeTest">
    <failure type="java.lang.AssertionError" message="Expected value is : SUCCESS      Actual value is : Failed">
      <![CDATA[java.lang.AssertionError: Expected value is : SUCCESS      Actual value is : Failed
at framework.ExtentReport.compareText(ExtentReport.java:156)
at zf.pages.ZFAddSingleGatewayPage.verifyToastermessage(ZFAddSingleGatewayPage.java:247)
at zf.pages.ZFAddSingleGatewayPage.addSingleGatewayWithAllValidInputs(ZFAddSingleGatewayPage.java:76)
at zf.test.ZFGatewayHomeTest.TC21verifySearchGatewayDateRange(ZFGatewayHomeTest.java:156)
... Removed 26 stack frames]]>
    </failure>
  </testcase> <!-- TC21verifySearchGatewayDateRange -->
  <testcase name="TC22EditSingleGateway" time="158.152" classname="zf.test.ZFGatewayHomeTest"/>
  <testcase name="TC23DropdownGateway" time="100.228" classname="zf.test.ZFGatewayHomeTest"/>
  <testcase name="TC24GatewaySortCatagory" time="68.387" classname="zf.test.ZFGatewayHomeTest"/>
  <testcase name="TC25VerifyGatewayColumn" time="69.445" classname="zf.test.ZFGatewayHomeTest"/>
</testsuite> <!-- Single Gateway -->
