<?xml version="1.0" encoding="UTF-8"?>
<!-- Generated by org.testng.reporters.JUnitReportReporter -->
<testsuite skipped="0" hostname="pcch-divyag" name="zf.test.ZFAssetDetailsTest" tests="5" failures="2" timestamp="29 Mar 2019 15:36:01 GMT" time="608.875" errors="0">
  <testcase name="TC01OperatorHasNoAccessToEditAssetDetails" time="100.770" classname="zf.test.ZFAssetDetailsTest"/>
  <testcase name="TC05ViewExistingAssetDetails" time="269.170" classname="zf.test.ZFAssetDetailsTest"/>
  <testcase name="TC03OperatorHasNoAccessToCreateChildAssets" time="80.350" classname="zf.test.ZFAssetDetailsTest"/>
  <testcase name="TC02OperatorHasNoAccessToCreateChildAssets" time="94.921" classname="zf.test.ZFAssetDetailsTest">
    <failure type="java.lang.AssertionError" message="TIMEOUT EXCEPTION element does not exist after waiting 90 seconds - Element not found">
      <![CDATA[java.lang.AssertionError: TIMEOUT EXCEPTION element does not exist after waiting 90 seconds - Element not found
at org.testng.Assert.fail(Assert.java:96)
at framework.ExtentReport.elementCatch(ExtentReport.java:254)
at framework.ElementManager.elementClick(ElementManager.java:63)
at zf.pages.ZFAssetDetailsPage.OperatorHasNoAccessToCreateChildAssets(ZFAssetDetailsPage.java:78)
at zf.test.ZFAssetDetailsTest.TC02OperatorHasNoAccessToCreateChildAssets(ZFAssetDetailsTest.java:35)
at sun.reflect.NativeMethodAccessorImpl.invoke0(Native Method)
at sun.reflect.NativeMethodAccessorImpl.invoke(Unknown Source)
at sun.reflect.DelegatingMethodAccessorImpl.invoke(Unknown Source)
at java.lang.reflect.Method.invoke(Unknown Source)
at org.testng.internal.MethodInvocationHelper.invokeMethod(MethodInvocationHelper.java:124)
at org.testng.internal.Invoker.invokeMethod(Invoker.java:580)
at org.testng.internal.Invoker.invokeTestMethod(Invoker.java:716)
at org.testng.internal.Invoker.invokeTestMethods(Invoker.java:988)
at org.testng.internal.TestMethodWorker.invokeTestMethods(TestMethodWorker.java:125)
at org.testng.internal.TestMethodWorker.run(TestMethodWorker.java:109)
at org.testng.TestRunner.privateRun(TestRunner.java:648)
at org.testng.TestRunner.run(TestRunner.java:505)
at org.testng.SuiteRunner.runTest(SuiteRunner.java:455)
at org.testng.SuiteRunner.runSequentially(SuiteRunner.java:450)
at org.testng.SuiteRunner.privateRun(SuiteRunner.java:415)
at org.testng.SuiteRunner.run(SuiteRunner.java:364)
at org.testng.SuiteRunnerWorker.runSuite(SuiteRunnerWorker.java:52)
at org.testng.SuiteRunnerWorker.run(SuiteRunnerWorker.java:84)
at org.testng.TestNG.runSuitesSequentially(TestNG.java:1208)
at org.testng.TestNG.runSuitesLocally(TestNG.java:1137)
at org.testng.TestNG.runSuites(TestNG.java:1049)
at org.testng.TestNG.run(TestNG.java:1017)
at org.testng.remote.AbstractRemoteTestNG.run(AbstractRemoteTestNG.java:114)
at org.testng.remote.RemoteTestNG.initAndRun(RemoteTestNG.java:251)
at org.testng.remote.RemoteTestNG.main(RemoteTestNG.java:77)
]]>
    </failure>
  </testcase> <!-- TC02OperatorHasNoAccessToCreateChildAssets -->
  <testcase name="TC04operatorAccessToViewAssetDetails" time="63.664" classname="zf.test.ZFAssetDetailsTest">
    <failure type="java.lang.AssertionError" message="TIMEOUT EXCEPTION element does not exist after waiting 90 seconds - Element not found">
      <![CDATA[java.lang.AssertionError: TIMEOUT EXCEPTION element does not exist after waiting 90 seconds - Element not found
at org.testng.Assert.fail(Assert.java:96)
at framework.ExtentReport.elementCatch(ExtentReport.java:254)
at framework.ElementManager.elementClick(ElementManager.java:63)
at framework.ElementManager.waitElementVisibleClick(ElementManager.java:703)
at zf.pages.ZFAssetPage.selectAssetDetails(ZFAssetPage.java:792)
at zf.pages.ZFAssetDetailsPage.operatorAccessToViewAssetDetails(ZFAssetDetailsPage.java:106)
at zf.test.ZFAssetDetailsTest.TC04operatorAccessToViewAssetDetails(ZFAssetDetailsTest.java:48)
at sun.reflect.NativeMethodAccessorImpl.invoke0(Native Method)
at sun.reflect.NativeMethodAccessorImpl.invoke(Unknown Source)
at sun.reflect.DelegatingMethodAccessorImpl.invoke(Unknown Source)
at java.lang.reflect.Method.invoke(Unknown Source)
at org.testng.internal.MethodInvocationHelper.invokeMethod(MethodInvocationHelper.java:124)
at org.testng.internal.Invoker.invokeMethod(Invoker.java:580)
at org.testng.internal.Invoker.invokeTestMethod(Invoker.java:716)
at org.testng.internal.Invoker.invokeTestMethods(Invoker.java:988)
at org.testng.internal.TestMethodWorker.invokeTestMethods(TestMethodWorker.java:125)
at org.testng.internal.TestMethodWorker.run(TestMethodWorker.java:109)
at org.testng.TestRunner.privateRun(TestRunner.java:648)
at org.testng.TestRunner.run(TestRunner.java:505)
at org.testng.SuiteRunner.runTest(SuiteRunner.java:455)
at org.testng.SuiteRunner.runSequentially(SuiteRunner.java:450)
at org.testng.SuiteRunner.privateRun(SuiteRunner.java:415)
at org.testng.SuiteRunner.run(SuiteRunner.java:364)
at org.testng.SuiteRunnerWorker.runSuite(SuiteRunnerWorker.java:52)
at org.testng.SuiteRunnerWorker.run(SuiteRunnerWorker.java:84)
at org.testng.TestNG.runSuitesSequentially(TestNG.java:1208)
at org.testng.TestNG.runSuitesLocally(TestNG.java:1137)
at org.testng.TestNG.runSuites(TestNG.java:1049)
at org.testng.TestNG.run(TestNG.java:1017)
at org.testng.remote.AbstractRemoteTestNG.run(AbstractRemoteTestNG.java:114)
at org.testng.remote.RemoteTestNG.initAndRun(RemoteTestNG.java:251)
at org.testng.remote.RemoteTestNG.main(RemoteTestNG.java:77)
]]>
    </failure>
  </testcase> <!-- TC04operatorAccessToViewAssetDetails -->
</testsuite> <!-- zf.test.ZFAssetDetailsTest -->
