<?xml version="1.0" encoding="UTF-8"?>
<!-- Generated by org.testng.reporters.JUnitReportReporter -->
<testsuite skipped="0" hostname="pcch-divyag" name="zf.test.ZFGatewayHomeTest" tests="25" failures="2" timestamp="29 Mar 2019 15:36:01 GMT" time="2258.947" errors="0">
  <testcase name="TC11ManageSoftwareUploadAndInstallInvalidSoftwarePackage" time="114.074" classname="zf.test.ZFGatewayHomeTest"/>
  <testcase name="TC04OperatorNoAccessToDecommission" time="87.111" classname="zf.test.ZFGatewayHomeTest"/>
  <testcase name="TC02OperatorNoAccessToEdit" time="66.630" classname="zf.test.ZFGatewayHomeTest"/>
  <testcase name="TC07OperatorHasAccessToViewGateway" time="76.414" classname="zf.test.ZFGatewayHomeTest"/>
  <testcase name="TC01OperatorHasNoAccessToAddGateway" time="72.399" classname="zf.test.ZFGatewayHomeTest"/>
  <testcase name="TC16verifyDefaultGatewayStatus" time="52.396" classname="zf.test.ZFGatewayHomeTest"/>
  <testcase name="TC17VerifyClearSelectedOptionsInGatewayStatusSearchDropdown" time="71.628" classname="zf.test.ZFGatewayHomeTest"/>
  <testcase name="TC03OperatorNoAccessToDisable" time="63.642" classname="zf.test.ZFGatewayHomeTest"/>
  <testcase name="TC13ValidateCommissionedGatewayStatus" time="104.969" classname="zf.test.ZFGatewayHomeTest"/>
  <testcase name="TC09UserWithNoPrivilegeCannotAccessGatewayPage" time="40.450" classname="zf.test.ZFGatewayHomeTest"/>
  <testcase name="TC20VerifySearchOptionsSearchDropdown" time="70.919" classname="zf.test.ZFGatewayHomeTest"/>
  <testcase name="TC05ManageSoftwareInterface" time="98.107" classname="zf.test.ZFGatewayHomeTest"/>
  <testcase name="TC24GatewaySortCatagory" time="79.961" classname="zf.test.ZFGatewayHomeTest"/>
  <testcase name="TC06DisableAndEnableGateway" time="61.611" classname="zf.test.ZFGatewayHomeTest">
    <failure type="java.lang.AssertionError" message="TIMEOUT EXCEPTION element does not exist after waiting 90 seconds - Element is not displayed">
      <![CDATA[java.lang.AssertionError: TIMEOUT EXCEPTION element does not exist after waiting 90 seconds - Element is not displayed
at org.testng.Assert.fail(Assert.java:96)
at framework.ExtentReport.elementCatch(ExtentReport.java:254)
at framework.ElementManager.elementAvailability(ElementManager.java:490)
at zf.pages.ZFGatewayHomePage.disableAndEnableGateway(ZFGatewayHomePage.java:282)
at zf.test.ZFGatewayHomeTest.TC06DisableAndEnableGateway(ZFGatewayHomeTest.java:55)
at sun.reflect.NativeMethodAccessorImpl.invoke0(Native Method)
at sun.reflect.NativeMethodAccessorImpl.invoke(Unknown Source)
at sun.reflect.DelegatingMethodAccessorImpl.invoke(Unknown Source)
at java.lang.reflect.Method.invoke(Unknown Source)
at org.testng.internal.MethodInvocationHelper.invokeMethod(MethodInvocationHelper.java:124)
at org.testng.internal.Invoker.invokeMethod(Invoker.java:580)
at org.testng.internal.Invoker.invokeTestMethod(Invoker.java:716)
at org.testng.internal.Invoker.invokeTestMethods(Invoker.java:988)
at org.testng.internal.TestMethodWorker.invokeTestMethods(TestMethodWorker.java:125)
at org.testng.internal.TestMethodWorker.run(TestMethodWorker.java:109)
at org.testng.TestRunner.privateRun(TestRunner.java:648)
at org.testng.TestRunner.run(TestRunner.java:505)
at org.testng.SuiteRunner.runTest(SuiteRunner.java:455)
at org.testng.SuiteRunner.runSequentially(SuiteRunner.java:450)
at org.testng.SuiteRunner.privateRun(SuiteRunner.java:415)
at org.testng.SuiteRunner.run(SuiteRunner.java:364)
at org.testng.SuiteRunnerWorker.runSuite(SuiteRunnerWorker.java:52)
at org.testng.SuiteRunnerWorker.run(SuiteRunnerWorker.java:84)
at org.testng.TestNG.runSuitesSequentially(TestNG.java:1208)
at org.testng.TestNG.runSuitesLocally(TestNG.java:1137)
at org.testng.TestNG.runSuites(TestNG.java:1049)
at org.testng.TestNG.run(TestNG.java:1017)
at org.testng.remote.AbstractRemoteTestNG.run(AbstractRemoteTestNG.java:114)
at org.testng.remote.RemoteTestNG.initAndRun(RemoteTestNG.java:251)
at org.testng.remote.RemoteTestNG.main(RemoteTestNG.java:77)
]]>
    </failure>
  </testcase> <!-- TC06DisableAndEnableGateway -->
  <testcase name="TC14ValidateDecommissionedGatewayStatus" time="90.044" classname="zf.test.ZFGatewayHomeTest"/>
  <testcase name="TC12ManageSoftwareAddSoftwareUploadInstallValidUserInputs" time="81.635" classname="zf.test.ZFGatewayHomeTest"/>
  <testcase name="TC19VerifyClearDatesFromDatePicker" time="77.049" classname="zf.test.ZFGatewayHomeTest"/>
  <testcase name="TC22EditSingleGateway" time="169.271" classname="zf.test.ZFGatewayHomeTest"/>
  <testcase name="TC08UserInterfaceOfAddSoftware" time="98.694" classname="zf.test.ZFGatewayHomeTest"/>
  <testcase name="TC10ManageSoftwareUploadAndInstallInvalidSoftwareName" time="118.022" classname="zf.test.ZFGatewayHomeTest"/>
  <testcase name="TC15ValidatePrecommissionedGatewayStatus" time="102.851" classname="zf.test.ZFGatewayHomeTest"/>
  <testcase name="TC25VerifyGatewayColumn" time="82.729" classname="zf.test.ZFGatewayHomeTest"/>
  <testcase name="TC21verifySearchGatewayDateRange" time="170.765" classname="zf.test.ZFGatewayHomeTest">
    <failure type="java.lang.AssertionError" message="Expected value is : SUCCESS      Actual value is : Failed">
      <![CDATA[java.lang.AssertionError: Expected value is : SUCCESS      Actual value is : Failed
at org.testng.Assert.fail(Assert.java:96)
at framework.ExtentReport.compareText(ExtentReport.java:156)
at zf.pages.ZFAddSingleGatewayPage.verifyToastermessage(ZFAddSingleGatewayPage.java:247)
at zf.pages.ZFAddSingleGatewayPage.addSingleGatewayWithAllValidInputs(ZFAddSingleGatewayPage.java:76)
at zf.test.ZFGatewayHomeTest.TC21verifySearchGatewayDateRange(ZFGatewayHomeTest.java:156)
at sun.reflect.NativeMethodAccessorImpl.invoke0(Native Method)
at sun.reflect.NativeMethodAccessorImpl.invoke(Unknown Source)
at sun.reflect.DelegatingMethodAccessorImpl.invoke(Unknown Source)
at java.lang.reflect.Method.invoke(Unknown Source)
at org.testng.internal.MethodInvocationHelper.invokeMethod(MethodInvocationHelper.java:124)
at org.testng.internal.Invoker.invokeMethod(Invoker.java:580)
at org.testng.internal.Invoker.invokeTestMethod(Invoker.java:716)
at org.testng.internal.Invoker.invokeTestMethods(Invoker.java:988)
at org.testng.internal.TestMethodWorker.invokeTestMethods(TestMethodWorker.java:125)
at org.testng.internal.TestMethodWorker.run(TestMethodWorker.java:109)
at org.testng.TestRunner.privateRun(TestRunner.java:648)
at org.testng.TestRunner.run(TestRunner.java:505)
at org.testng.SuiteRunner.runTest(SuiteRunner.java:455)
at org.testng.SuiteRunner.runSequentially(SuiteRunner.java:450)
at org.testng.SuiteRunner.privateRun(SuiteRunner.java:415)
at org.testng.SuiteRunner.run(SuiteRunner.java:364)
at org.testng.SuiteRunnerWorker.runSuite(SuiteRunnerWorker.java:52)
at org.testng.SuiteRunnerWorker.run(SuiteRunnerWorker.java:84)
at org.testng.TestNG.runSuitesSequentially(TestNG.java:1208)
at org.testng.TestNG.runSuitesLocally(TestNG.java:1137)
at org.testng.TestNG.runSuites(TestNG.java:1049)
at org.testng.TestNG.run(TestNG.java:1017)
at org.testng.remote.AbstractRemoteTestNG.run(AbstractRemoteTestNG.java:114)
at org.testng.remote.RemoteTestNG.initAndRun(RemoteTestNG.java:251)
at org.testng.remote.RemoteTestNG.main(RemoteTestNG.java:77)
]]>
    </failure>
  </testcase> <!-- TC21verifySearchGatewayDateRange -->
  <testcase name="TC18VerifySelectAllOptionInGatewayStatusSearchDropdown" time="96.059" classname="zf.test.ZFGatewayHomeTest"/>
  <testcase name="TC23DropdownGateway" time="111.517" classname="zf.test.ZFGatewayHomeTest"/>
</testsuite> <!-- zf.test.ZFGatewayHomeTest -->
